
[+] 📦 Installing podman...
Updating Subscription Management repositories.
Unable to read consumer identity

This system is not registered with an entitlement server. You can use "rhc" or "subscription-manager" to register.

Red Hat Enterprise Linux 9 for x86_64 - AppStre 127 kB/s | 4.5 kB     00:00    
Red Hat Enterprise Linux 9 for x86_64 - BaseOS  119 kB/s | 4.1 kB     00:00    
Red Hat Enterprise Linux 9 Client Configuration  53 kB/s | 1.5 kB     00:00    
Package podman-5:5.4.0-10.el9_6.x86_64 is already installed.
Dependencies resolved.
================================================================================
 Package   Arch      Version                Repository                     Size
================================================================================
Upgrading:
 podman    x86_64    5:5.4.0-13.el9_6       rhel-9-appstream-rhui-rpms     17 M

Transaction Summary
================================================================================
Upgrade  1 Package

Total download size: 17 M
Downloading Packages:
podman-5.4.0-13.el9_6.x86_64.rpm                151 MB/s |  17 MB     00:00    
--------------------------------------------------------------------------------
Total                                           133 MB/s |  17 MB     00:00     
Running transaction check
Transaction check succeeded.
Running transaction test
Transaction test succeeded.
Running transaction
  Preparing        :                                                        1/1 
  Upgrading        : podman-5:5.4.0-13.el9_6.x86_64                         1/2 
  Running scriptlet: podman-5:5.4.0-10.el9_6.x86_64                         2/2 
  Cleanup          : podman-5:5.4.0-10.el9_6.x86_64                         2/2 
  Running scriptlet: podman-5:5.4.0-10.el9_6.x86_64                         2/2 
  Verifying        : podman-5:5.4.0-13.el9_6.x86_64                         1/2 
  Verifying        : podman-5:5.4.0-10.el9_6.x86_64                         2/2 
Installed products updated.

Upgraded:
  podman-5:5.4.0-13.el9_6.x86_64                                                

Complete!

[+] 🧪 Creating Keycloak bind environment file...
grep: logs/user-passwords.txt: Permission denied

[+] 📦 Installing podman...
Updating Subscription Management repositories.
Unable to read consumer identity

This system is not registered with an entitlement server. You can use "rhc" or "subscription-manager" to register.

Last metadata expiration check: 0:05:12 ago on Thu 09 Oct 2025 04:26:22 AM UTC.
Package podman-5:5.4.0-13.el9_6.x86_64 is already installed.
Dependencies resolved.
Nothing to do.
Complete!

[+] 🧪 Creating Keycloak bind environment file...

[+] 📦 Installing podman...
Updating Subscription Management repositories.
Unable to read consumer identity

This system is not registered with an entitlement server. You can use "rhc" or "subscription-manager" to register.

Last metadata expiration check: 0:08:32 ago on Thu 09 Oct 2025 04:26:22 AM UTC.
Package podman-5:5.4.0-13.el9_6.x86_64 is already installed.
Dependencies resolved.
Nothing to do.
Complete!

[+] 🧪 Creating Keycloak bind environment file...

[+] 📦 Installing podman...
Updating Subscription Management repositories.
Unable to read consumer identity

This system is not registered with an entitlement server. You can use "rhc" or "subscription-manager" to register.

Last metadata expiration check: 0:09:12 ago on Thu 09 Oct 2025 04:26:22 AM UTC.
Package podman-5:5.4.0-13.el9_6.x86_64 is already installed.
Dependencies resolved.
Nothing to do.
Complete!

[+] 🧪 Creating Keycloak bind environment file...
